═══ QA WATCHDOG [2026-03-15 07:33:33] ═══
  GUARD: NAV=0
0 SEC=1 JS=10941 CSS=9041 HTML=503
  JS_SYNTAX: PASS
  HTTP_SERVER: UP (port 8080)
  PROXY: HTML_elements=3 CSS_bytes=297569 JS_bytes=645095
  DISK: 43% used

═══ QA WATCHDOG [2026-03-15 07:34:33] ═══
  GUARD: NAV=0
0 SEC=1 JS=10941 CSS=9041 HTML=503
  JS_SYNTAX: PASS
  HTTP_SERVER: UP (port 8080)
  PROXY: HTML_elements=3 CSS_bytes=297569 JS_bytes=645095
  DISK: 43% used

═══ QA WATCHDOG [2026-03-15 07:35:34] ═══
  GUARD: NAV=0
0 SEC=1 JS=10941 CSS=9041 HTML=503
  JS_SYNTAX: PASS
  HTTP_SERVER: UP (port 8080)
  PROXY: HTML_elements=3 CSS_bytes=297569 JS_bytes=645095
  DISK: 43% used

═══ QA WATCHDOG [2026-03-15 07:36:34] ═══
  GUARD: NAV=0
0 SEC=1 JS=10941 CSS=9041 HTML=503
  JS_SYNTAX: PASS
  HTTP_SERVER: UP (port 8080)
  PROXY: HTML_elements=3 CSS_bytes=297569 JS_bytes=645095
  DISK: 43% used

═══ QA WATCHDOG [2026-03-15 07:37:34] ═══
  GUARD: NAV=0
0 SEC=1 JS=10941 CSS=9041 HTML=503
  JS_SYNTAX: PASS
  HTTP_SERVER: UP (port 8080)
  PROXY: HTML_elements=3 CSS_bytes=297569 JS_bytes=645095
  DISK: 43% used

═══ QA WATCHDOG [2026-03-15 07:38:34] ═══
  GUARD: NAV=0
0 SEC=1 JS=10941 CSS=9041 HTML=503
  JS_SYNTAX: PASS
  HTTP_SERVER: UP (port 8080)
  PROXY: HTML_elements=3 CSS_bytes=297569 JS_bytes=645095
  DISK: 43% used

═══ QA WATCHDOG [2026-03-15 07:39:35] ═══
  GUARD: NAV=0
0 SEC=1 JS=10941 CSS=9041 HTML=503
  JS_SYNTAX: PASS
  HTTP_SERVER: UP (port 8080)
  PROXY: HTML_elements=3 CSS_bytes=297569 JS_bytes=645095
  DISK: 43% used

═══ QA WATCHDOG [2026-03-15 07:40:35] ═══
  GUARD: NAV=0
0 SEC=1 JS=10941 CSS=9041 HTML=503
  JS_SYNTAX: PASS
  HTTP_SERVER: UP (port 8080)
  PROXY: HTML_elements=3 CSS_bytes=297569 JS_bytes=645095
  DISK: 43% used

═══ QA WATCHDOG [2026-03-15 07:41:35] ═══
  GUARD: NAV=0
0 SEC=1 JS=10941 CSS=9055 HTML=503
  JS_SYNTAX: PASS
  HTTP_SERVER: UP (port 8080)
  PROXY: HTML_elements=3 CSS_bytes=297774 JS_bytes=645091
  DISK: 43% used

═══ QA WATCHDOG [2026-03-15 07:42:35] ═══
  GUARD: NAV=0
0 SEC=1 JS=10941 CSS=9055 HTML=503
  JS_SYNTAX: PASS
  HTTP_SERVER: UP (port 8080)
  PROXY: HTML_elements=3 CSS_bytes=297774 JS_bytes=645091
  DISK: 43% used

═══ QA WATCHDOG [2026-03-15 07:43:35] ═══
  GUARD: NAV=0
0 SEC=1 JS=10941 CSS=9055 HTML=503
  JS_SYNTAX: PASS
  HTTP_SERVER: UP (port 8080)
  PROXY: HTML_elements=3 CSS_bytes=297774 JS_bytes=645091
  DISK: 43% used

═══ QA WATCHDOG [2026-03-15 07:44:36] ═══
  GUARD: NAV=0
0 SEC=1 JS=10941 CSS=9055 HTML=503
  JS_SYNTAX: PASS
  HTTP_SERVER: UP (port 8080)
  PROXY: HTML_elements=3 CSS_bytes=297774 JS_bytes=645091
  DISK: 43% used

═══ QA WATCHDOG [2026-03-15 07:45:36] ═══
  GUARD: NAV=0
0 SEC=1 JS=10941 CSS=9055 HTML=503
  JS_SYNTAX: PASS
  HTTP_SERVER: UP (port 8080)
  PROXY: HTML_elements=3 CSS_bytes=297774 JS_bytes=645091
  DISK: 43% used

═══ QA WATCHDOG [2026-03-15 07:46:36] ═══
  GUARD: NAV=0
0 SEC=1 JS=10941 CSS=9055 HTML=503
  JS_SYNTAX: PASS
  HTTP_SERVER: UP (port 8080)
  PROXY: HTML_elements=3 CSS_bytes=297774 JS_bytes=645091
  DISK: 43% used

═══ QA WATCHDOG [2026-03-15 07:47:36] ═══
  GUARD: NAV=0
0 SEC=1 JS=10941 CSS=9055 HTML=503
  JS_SYNTAX: PASS
  HTTP_SERVER: UP (port 8080)
  PROXY: HTML_elements=3 CSS_bytes=297774 JS_bytes=645091
  DISK: 43% used

═══ QA WATCHDOG [2026-03-15 07:48:37] ═══
  GUARD: NAV=0
0 SEC=1 JS=10941 CSS=9055 HTML=503
  JS_SYNTAX: PASS
  HTTP_SERVER: UP (port 8080)
  PROXY: HTML_elements=3 CSS_bytes=297774 JS_bytes=645091
  DISK: 43% used

═══ QA WATCHDOG [2026-03-15 07:49:37] ═══
  GUARD: NAV=0
0 SEC=1 JS=11065 CSS=9063 HTML=503
  JS_SYNTAX: PASS
  HTTP_SERVER: UP (port 8080)
  PROXY: HTML_elements=3 CSS_bytes=297988 JS_bytes=652450
  DISK: 43% used

═══ QA WATCHDOG [2026-03-15 07:50:37] ═══
  GUARD: NAV=0
0 SEC=1 JS=11065 CSS=9063 HTML=503
  JS_SYNTAX: PASS
  HTTP_SERVER: UP (port 8080)
  PROXY: HTML_elements=3 CSS_bytes=297988 JS_bytes=652450
  DISK: 43% used

═══ QA WATCHDOG [2026-03-15 07:51:37] ═══
  GUARD: NAV=0
0 SEC=1 JS=11065 CSS=9063 HTML=503
  JS_SYNTAX: PASS
  HTTP_SERVER: UP (port 8080)
  PROXY: HTML_elements=3 CSS_bytes=297988 JS_bytes=652450
  DISK: 43% used

═══ QA WATCHDOG [2026-03-15 07:52:38] ═══
  GUARD: NAV=0
0 SEC=1 JS=11065 CSS=9063 HTML=503
  JS_SYNTAX: PASS
  HTTP_SERVER: UP (port 8080)
  PROXY: HTML_elements=3 CSS_bytes=297988 JS_bytes=652450
  DISK: 43% used

═══ QA WATCHDOG [2026-03-15 07:53:38] ═══
  GUARD: NAV=0
0 SEC=1 JS=11065 CSS=9063 HTML=503
  JS_SYNTAX: PASS
  HTTP_SERVER: UP (port 8080)
  PROXY: HTML_elements=3 CSS_bytes=297988 JS_bytes=652450
  DISK: 43% used

═══ QA WATCHDOG [2026-03-15 07:54:38] ═══
  GUARD: NAV=0
0 SEC=1 JS=11065 CSS=9063 HTML=503
  JS_SYNTAX: PASS
  HTTP_SERVER: UP (port 8080)
  PROXY: HTML_elements=3 CSS_bytes=297988 JS_bytes=652450
  DISK: 43% used

═══ QA WATCHDOG [2026-03-15 07:55:38] ═══
  GUARD: NAV=0
0 SEC=1 JS=11065 CSS=9063 HTML=503
  JS_SYNTAX: PASS
  HTTP_SERVER: UP (port 8080)
  PROXY: HTML_elements=3 CSS_bytes=297988 JS_bytes=652450
  DISK: 43% used

═══ QA WATCHDOG [2026-03-15 07:56:38] ═══
  GUARD: NAV=0
0 SEC=1 JS=11065 CSS=9063 HTML=503
  JS_SYNTAX: PASS
  HTTP_SERVER: UP (port 8080)
  PROXY: HTML_elements=3 CSS_bytes=297988 JS_bytes=652450
  DISK: 43% used

═══ QA WATCHDOG [2026-03-15 07:57:38] ═══
  GUARD: NAV=0
0 SEC=1 JS=11065 CSS=9063 HTML=503
  JS_SYNTAX: PASS
  HTTP_SERVER: UP (port 8080)
  PROXY: HTML_elements=3 CSS_bytes=297988 JS_bytes=652450
  DISK: 43% used

═══ QA WATCHDOG [2026-03-15 07:58:38] ═══
  GUARD: NAV=0
0 SEC=1 JS=11065 CSS=9063 HTML=503
  JS_SYNTAX: PASS
  HTTP_SERVER: UP (port 8080)
  PROXY: HTML_elements=3 CSS_bytes=297988 JS_bytes=652450
  DISK: 43% used

═══ QA WATCHDOG [2026-03-15 07:59:39] ═══
  GUARD: NAV=0
0 SEC=1 JS=11065 CSS=9063 HTML=503
  JS_SYNTAX: PASS
  HTTP_SERVER: UP (port 8080)
  PROXY: HTML_elements=3 CSS_bytes=297988 JS_bytes=652450
  DISK: 43% used

═══ QA WATCHDOG [2026-03-15 08:00:39] ═══
  GUARD: NAV=0
0 SEC=1 JS=11065 CSS=9063 HTML=503
  JS_SYNTAX: PASS
  HTTP_SERVER: UP (port 8080)
  PROXY: HTML_elements=3 CSS_bytes=297988 JS_bytes=652450
  DISK: 43% used

═══ QA WATCHDOG [2026-03-15 08:01:39] ═══
  GUARD: NAV=0
0 SEC=1 JS=11065 CSS=9063 HTML=503
  JS_SYNTAX: PASS
  HTTP_SERVER: UP (port 8080)
  PROXY: HTML_elements=3 CSS_bytes=297988 JS_bytes=652450
  DISK: 43% used

═══ QA WATCHDOG [2026-03-15 08:02:39] ═══
  GUARD: NAV=0
0 SEC=1 JS=11065 CSS=9063 HTML=503
  JS_SYNTAX: PASS
  HTTP_SERVER: UP (port 8080)
  PROXY: HTML_elements=3 CSS_bytes=297988 JS_bytes=652450
  DISK: 43% used

═══ QA WATCHDOG [2026-03-15 08:03:39] ═══
  GUARD: NAV=0
0 SEC=1 JS=11065 CSS=9063 HTML=503
  JS_SYNTAX: PASS
  HTTP_SERVER: UP (port 8080)
  PROXY: HTML_elements=3 CSS_bytes=297988 JS_bytes=652450
  DISK: 43% used

═══ QA WATCHDOG [2026-03-15 08:04:39] ═══
  GUARD: NAV=0
0 SEC=1 JS=11065 CSS=9063 HTML=503
  JS_SYNTAX: PASS
  HTTP_SERVER: UP (port 8080)
  PROXY: HTML_elements=3 CSS_bytes=297988 JS_bytes=652450
  DISK: 43% used

═══ QA WATCHDOG [2026-03-15 08:05:39] ═══
  GUARD: NAV=0
0 SEC=1 JS=11065 CSS=9063 HTML=503
  JS_SYNTAX: PASS
  HTTP_SERVER: UP (port 8080)
  PROXY: HTML_elements=3 CSS_bytes=297988 JS_bytes=652450
  DISK: 43% used

═══ QA WATCHDOG [2026-03-15 08:06:40] ═══
  GUARD: NAV=0
0 SEC=1 JS=11065 CSS=9063 HTML=503
  JS_SYNTAX: PASS
  HTTP_SERVER: UP (port 8080)
  PROXY: HTML_elements=3 CSS_bytes=297988 JS_bytes=652450
  DISK: 43% used

═══ QA WATCHDOG [2026-03-15 08:07:40] ═══
  GUARD: NAV=0
0 SEC=1 JS=11065 CSS=9063 HTML=503
  JS_SYNTAX: PASS
  HTTP_SERVER: UP (port 8080)
  PROXY: HTML_elements=3 CSS_bytes=297988 JS_bytes=652450
  DISK: 43% used

═══ QA WATCHDOG [2026-03-15 08:08:40] ═══
  GUARD: NAV=0
0 SEC=1 JS=11065 CSS=9063 HTML=503
  JS_SYNTAX: PASS
  HTTP_SERVER: UP (port 8080)
  PROXY: HTML_elements=3 CSS_bytes=297988 JS_bytes=652450
  DISK: 43% used

═══ QA WATCHDOG [2026-03-15 08:09:40] ═══
  GUARD: NAV=0
0 SEC=1 JS=11065 CSS=9063 HTML=503
  JS_SYNTAX: PASS
  HTTP_SERVER: UP (port 8080)
  PROXY: HTML_elements=3 CSS_bytes=297988 JS_bytes=652450
  DISK: 43% used

═══ QA WATCHDOG [2026-03-15 08:10:40] ═══
  GUARD: NAV=0
0 SEC=1 JS=11065 CSS=9063 HTML=503
  JS_SYNTAX: PASS
  HTTP_SERVER: UP (port 8080)
  PROXY: HTML_elements=3 CSS_bytes=297988 JS_bytes=652450
  DISK: 43% used

═══ QA WATCHDOG [2026-03-15 08:11:40] ═══
  GUARD: NAV=0
0 SEC=1 JS=11065 CSS=9063 HTML=503
  JS_SYNTAX: PASS
  HTTP_SERVER: UP (port 8080)
  PROXY: HTML_elements=3 CSS_bytes=297988 JS_bytes=652450
  DISK: 43% used

═══ QA WATCHDOG [2026-03-15 08:12:40] ═══
  GUARD: NAV=0
0 SEC=1 JS=11065 CSS=9063 HTML=503
  JS_SYNTAX: PASS
  HTTP_SERVER: UP (port 8080)
  PROXY: HTML_elements=3 CSS_bytes=297988 JS_bytes=652450
  DISK: 43% used

═══ QA WATCHDOG [2026-03-15 08:13:41] ═══
  GUARD: NAV=0
0 SEC=1 JS=11065 CSS=9063 HTML=503
  JS_SYNTAX: PASS
  HTTP_SERVER: UP (port 8080)
  PROXY: HTML_elements=3 CSS_bytes=297988 JS_bytes=652450
  DISK: 43% used

═══ QA WATCHDOG [2026-03-15 08:14:41] ═══
  GUARD: NAV=0
0 SEC=1 JS=11065 CSS=9063 HTML=503
  JS_SYNTAX: PASS
  HTTP_SERVER: UP (port 8080)
  PROXY: HTML_elements=3 CSS_bytes=297988 JS_bytes=652450
  DISK: 43% used

═══ QA WATCHDOG [2026-03-15 08:15:41] ═══
  GUARD: NAV=0
0 SEC=1 JS=11065 CSS=9063 HTML=503
  JS_SYNTAX: PASS
  HTTP_SERVER: UP (port 8080)
  PROXY: HTML_elements=3 CSS_bytes=297988 JS_bytes=652450
  DISK: 43% used

═══ QA WATCHDOG [2026-03-15 08:16:41] ═══
  GUARD: NAV=0
0 SEC=1 JS=11065 CSS=9063 HTML=503
  JS_SYNTAX: PASS
  HTTP_SERVER: UP (port 8080)
  PROXY: HTML_elements=3 CSS_bytes=297988 JS_bytes=652450
  DISK: 43% used

═══ QA WATCHDOG [2026-03-15 08:17:41] ═══
  GUARD: NAV=0
0 SEC=1 JS=11065 CSS=9063 HTML=503
  JS_SYNTAX: PASS
  HTTP_SERVER: UP (port 8080)
  PROXY: HTML_elements=3 CSS_bytes=297988 JS_bytes=652450
  DISK: 43% used

═══ QA WATCHDOG [2026-03-15 08:18:41] ═══
  GUARD: NAV=0
0 SEC=1 JS=11065 CSS=9063 HTML=503
  JS_SYNTAX: PASS
  HTTP_SERVER: UP (port 8080)
  PROXY: HTML_elements=3 CSS_bytes=297988 JS_bytes=652450
  DISK: 43% used

═══ QA WATCHDOG [2026-03-15 08:19:41] ═══
  GUARD: NAV=0
0 SEC=1 JS=11065 CSS=9063 HTML=503
  JS_SYNTAX: PASS
  HTTP_SERVER: UP (port 8080)
  PROXY: HTML_elements=3 CSS_bytes=297988 JS_bytes=652450
  DISK: 43% used

═══ QA WATCHDOG [2026-03-15 08:20:41] ═══
  GUARD: NAV=0
0 SEC=1 JS=11065 CSS=9063 HTML=503
  JS_SYNTAX: PASS
  HTTP_SERVER: UP (port 8080)
  PROXY: HTML_elements=3 CSS_bytes=297988 JS_bytes=652450
  DISK: 43% used

═══ QA WATCHDOG [2026-03-15 08:21:42] ═══
  GUARD: NAV=0
0 SEC=1 JS=11065 CSS=9063 HTML=503
  JS_SYNTAX: PASS
  HTTP_SERVER: UP (port 8080)
  PROXY: HTML_elements=3 CSS_bytes=297988 JS_bytes=652450
  DISK: 43% used

═══ QA WATCHDOG [2026-03-15 08:22:42] ═══
  GUARD: NAV=0
0 SEC=1 JS=11065 CSS=9063 HTML=503
  JS_SYNTAX: PASS
  HTTP_SERVER: UP (port 8080)
  PROXY: HTML_elements=3 CSS_bytes=297988 JS_bytes=652450
  DISK: 43% used

═══ QA WATCHDOG [2026-03-15 08:23:42] ═══
  GUARD: NAV=0
0 SEC=1 JS=11065 CSS=9063 HTML=503
  JS_SYNTAX: PASS
  HTTP_SERVER: UP (port 8080)
  PROXY: HTML_elements=3 CSS_bytes=297988 JS_bytes=652450
  DISK: 43% used

═══ QA WATCHDOG [2026-03-15 08:24:42] ═══
  GUARD: NAV=0
0 SEC=1 JS=11065 CSS=9063 HTML=503
  JS_SYNTAX: PASS
  HTTP_SERVER: UP (port 8080)
  PROXY: HTML_elements=3 CSS_bytes=297988 JS_bytes=652450
  DISK: 43% used

